[debug] [2021-04-01T21:49:56.602Z] ----------------------------------------------------------------------
[debug] [2021-04-01T21:49:56.604Z] Command:       C:\Program Files\nodejs\node.exe C:\Users\DELL\AppData\Roaming\npm\node_modules\firebase-tools\lib\bin\firebase.js emulators:start
[debug] [2021-04-01T21:49:56.604Z] CLI Version:   9.8.0
[debug] [2021-04-01T21:49:56.604Z] Platform:      win32
[debug] [2021-04-01T21:49:56.604Z] Node Version:  v10.16.0
[debug] [2021-04-01T21:49:56.606Z] Time:          Thu Apr 01 2021 23:49:56 GMT+0200 (Eastern European Standard Time)
[debug] [2021-04-01T21:49:56.606Z] ----------------------------------------------------------------------
[debug] 
[debug] [2021-04-01T21:49:56.618Z] > command requires scopes: ["email","openid","https://www.googleapis.com/auth/cloudplatformprojects.readonly","https://www.googleapis.com/auth/firebase","https://www.googleapis.com/auth/cloud-platform"]
[debug] [2021-04-01T21:49:56.619Z] > authorizing via signed-in user
[info] i  emulators: Starting emulators: auth, functions, firestore, database, hosting {"metadata":{"emulator":{"name":"hub"},"message":"Starting emulators: auth, functions, firestore, database, hosting"}}
[debug] [2021-04-01T21:49:58.641Z] [hub] writing locator at C:\Users\DELL\AppData\Local\Temp\hub-cargotoship2.json
[warn] !  functions: The following emulators are not running, calls to these services from the Functions emulator will affect production: pubsub {"metadata":{"emulator":{"name":"functions"},"message":"The following emulators are not running, calls to these services from the Functions emulator will affect production: \u001b[1mpubsub\u001b[22m"}}
[warn] !  Your requested "node" version "12" doesn't match your global version "10" {"metadata":{"emulator":{"name":"functions"},"message":"Your requested \"node\" version \"12\" doesn't match your global version \"10\""}}
[debug] [2021-04-01T21:50:00.660Z] defaultcredentials: writing to file C:\Users\DELL\AppData\Roaming\firebase\adhammohsen640_gmail_com_application_default_credentials.json
[debug] [2021-04-01T21:50:00.661Z] Setting GAC to C:\Users\DELL\AppData\Roaming\firebase\adhammohsen640_gmail_com_application_default_credentials.json {"metadata":{"emulator":{"name":"functions"},"message":"Setting GAC to C:\\Users\\DELL\\AppData\\Roaming\\firebase\\adhammohsen640_gmail_com_application_default_credentials.json"}}
[debug] [2021-04-01T21:50:00.663Z] >>> [apiv2][query] GET https://firebase.googleapis.com/v1beta1/projects/cargotoship2/adminSdkConfig [none]
[debug] [2021-04-01T21:50:01.744Z] <<< [apiv2][status] GET https://firebase.googleapis.com/v1beta1/projects/cargotoship2/adminSdkConfig 200
[debug] [2021-04-01T21:50:01.745Z] <<< [apiv2][body] GET https://firebase.googleapis.com/v1beta1/projects/cargotoship2/adminSdkConfig {"projectId":"cargotoship2","databaseURL":"https://cargotoship2.firebaseio.com","storageBucket":"cargotoship2.appspot.com","locationId":"europe-west"}
[debug] [2021-04-01T21:50:03.765Z] Ignoring unsupported arg: projectId {"metadata":{"emulator":{"name":"firestore"},"message":"Ignoring unsupported arg: projectId"}}
[debug] [2021-04-01T21:50:03.765Z] Ignoring unsupported arg: auto_download {"metadata":{"emulator":{"name":"firestore"},"message":"Ignoring unsupported arg: auto_download"}}
[debug] [2021-04-01T21:50:03.765Z] Starting Firestore Emulator with command {"binary":"java","args":["-Dgoogle.cloud_firestore.debug_log_level=FINE","-Duser.language=en","-jar","C:\\Users\\DELL\\.cache\\firebase\\emulators\\cloud-firestore-emulator-v1.11.12.jar","--host","localhost","--port",7000,"--rules","D:\\cargotoship1\\firestore.rules","--functions_emulator","localhost:5001"],"optionalArgs":["port","webchannel_port","host","rules","functions_emulator","seed_from_export"],"joinArgs":false} {"metadata":{"emulator":{"name":"firestore"},"message":"Starting Firestore Emulator with command {\"binary\":\"java\",\"args\":[\"-Dgoogle.cloud_firestore.debug_log_level=FINE\",\"-Duser.language=en\",\"-jar\",\"C:\\\\Users\\\\DELL\\\\.cache\\\\firebase\\\\emulators\\\\cloud-firestore-emulator-v1.11.12.jar\",\"--host\",\"localhost\",\"--port\",7000,\"--rules\",\"D:\\\\cargotoship1\\\\firestore.rules\",\"--functions_emulator\",\"localhost:5001\"],\"optionalArgs\":[\"port\",\"webchannel_port\",\"host\",\"rules\",\"functions_emulator\",\"seed_from_export\"],\"joinArgs\":false}"}}
[info] i  firestore: Firestore Emulator logging to firestore-debug.log {"metadata":{"emulator":{"name":"firestore"},"message":"Firestore Emulator logging to \u001b[1mfirestore-debug.log\u001b[22m"}}
[debug] [2021-04-01T21:50:07.796Z] >>> [apiv2][query] GET https://firebase.googleapis.com/v1beta1/projects/cargotoship2 [none]
[debug] [2021-04-01T21:50:08.390Z] <<< [apiv2][status] GET https://firebase.googleapis.com/v1beta1/projects/cargotoship2 200
[debug] [2021-04-01T21:50:08.391Z] <<< [apiv2][body] GET https://firebase.googleapis.com/v1beta1/projects/cargotoship2 {"projectId":"cargotoship2","projectNumber":"193072313981","displayName":"Cargotoship2","name":"projects/cargotoship2","resources":{"hostingSite":"cargotoship2","realtimeDatabaseInstance":"cargotoship2","storageBucket":"cargotoship2.appspot.com","locationId":"europe-west"},"state":"ACTIVE"}
[debug] [2021-04-01T21:50:08.392Z] database rules config:  [{"instance":"cargotoship2","rules":"D:\\cargotoship1\\database.rules.json"}]
[debug] [2021-04-01T21:50:08.394Z] Ignoring unsupported arg: projectId {"metadata":{"emulator":{"name":"database"},"message":"Ignoring unsupported arg: projectId"}}
[debug] [2021-04-01T21:50:08.394Z] Ignoring unsupported arg: auto_download {"metadata":{"emulator":{"name":"database"},"message":"Ignoring unsupported arg: auto_download"}}
[debug] [2021-04-01T21:50:08.394Z] Ignoring unsupported arg: rules {"metadata":{"emulator":{"name":"database"},"message":"Ignoring unsupported arg: rules"}}
[debug] [2021-04-01T21:50:08.394Z] Starting Database Emulator with command {"binary":"java","args":["-Duser.language=en","-jar","C:\\Users\\DELL\\.cache\\firebase\\emulators\\firebase-database-emulator-v4.7.2.jar","--host","localhost","--port",9000,"--functions_emulator_host","localhost","--functions_emulator_port",5001],"optionalArgs":["port","host","functions_emulator_port","functions_emulator_host"],"joinArgs":false} {"metadata":{"emulator":{"name":"database"},"message":"Starting Database Emulator with command {\"binary\":\"java\",\"args\":[\"-Duser.language=en\",\"-jar\",\"C:\\\\Users\\\\DELL\\\\.cache\\\\firebase\\\\emulators\\\\firebase-database-emulator-v4.7.2.jar\",\"--host\",\"localhost\",\"--port\",9000,\"--functions_emulator_host\",\"localhost\",\"--functions_emulator_port\",5001],\"optionalArgs\":[\"port\",\"host\",\"functions_emulator_port\",\"functions_emulator_host\"],\"joinArgs\":false}"}}
[info] i  database: Database Emulator logging to database-debug.log {"metadata":{"emulator":{"name":"database"},"message":"Database Emulator logging to \u001b[1mdatabase-debug.log\u001b[22m"}}
[debug] [2021-04-01T21:50:16.591Z] >>> [apiv2][query] GET https://firebase.googleapis.com/v1beta1/projects/cargotoship2/webApps/-/config [none]
[debug] [2021-04-01T21:50:17.650Z] <<< [apiv2][status] GET https://firebase.googleapis.com/v1beta1/projects/cargotoship2/webApps/-/config 200
[debug] [2021-04-01T21:50:17.650Z] <<< [apiv2][body] GET https://firebase.googleapis.com/v1beta1/projects/cargotoship2/webApps/-/config {"projectId":"cargotoship2","appId":"1:193072313981:web:6bc531d009af01efc92314","databaseURL":"https://cargotoship2.firebaseio.com","storageBucket":"cargotoship2.appspot.com","locationId":"europe-west","apiKey":"AIzaSyA-QrgH-0iuyy92uMGNATb-qFctc5APgGQ","authDomain":"cargotoship2.firebaseapp.com","messagingSenderId":"193072313981"}
[info] i  hosting: Serving hosting files from: dist {"metadata":{"emulator":{"name":"hosting"},"message":"Serving hosting files from: \u001b[1mdist\u001b[22m"}}
[info] +  hosting: Local server: http://localhost:5000 {"metadata":{"emulator":{"name":"hosting"},"message":"Local server: \u001b[4m\u001b[1mhttp://localhost:5000\u001b[22m\u001b[24m"}}
[info] i  ui: downloading ui-v1.4.2.zip... {"metadata":{"emulator":{"name":"ui"},"message":"downloading ui-v1.4.2.zip..."}}
[debug] [2021-04-01T21:50:21.690Z] >>> [apiv2][query] GET https://storage.googleapis.com/firebase-preview-drop/emulator/ui-v1.4.2.zip 
[debug] [2021-04-01T21:50:22.227Z] <<< [apiv2][status] GET https://storage.googleapis.com/firebase-preview-drop/emulator/ui-v1.4.2.zip 200
[debug] [2021-04-01T21:50:22.227Z] <<< [apiv2][body] GET https://storage.googleapis.com/firebase-preview-drop/emulator/ui-v1.4.2.zip [stream]
[info] i  ui: Removing outdated emulator files: ui-v1.4.1 {"metadata":{"emulator":{"name":"ui"},"message":"Removing outdated emulator files: ui-v1.4.1"}}
[info] i  ui: Removing outdated emulator files: ui-v1.4.1.zip {"metadata":{"emulator":{"name":"ui"},"message":"Removing outdated emulator files: ui-v1.4.1.zip"}}
[debug] [2021-04-01T21:50:25.710Z] Ignoring unsupported arg: auto_download {"metadata":{"emulator":{"name":"ui"},"message":"Ignoring unsupported arg: auto_download"}}
[debug] [2021-04-01T21:50:25.710Z] Ignoring unsupported arg: port {"metadata":{"emulator":{"name":"ui"},"message":"Ignoring unsupported arg: port"}}
[debug] [2021-04-01T21:50:25.710Z] Starting Emulator UI with command {"binary":"node","args":["C:\\Users\\DELL\\.cache\\firebase\\emulators\\ui-v1.4.2\\server.bundle.js"],"optionalArgs":[],"joinArgs":false} {"metadata":{"emulator":{"name":"ui"},"message":"Starting Emulator UI with command {\"binary\":\"node\",\"args\":[\"C:\\\\Users\\\\DELL\\\\.cache\\\\firebase\\\\emulators\\\\ui-v1.4.2\\\\server.bundle.js\"],\"optionalArgs\":[],\"joinArgs\":false}"}}
[info] i  ui: Emulator UI logging to ui-debug.log {"metadata":{"emulator":{"name":"ui"},"message":"Emulator UI logging to \u001b[1mui-debug.log\u001b[22m"}}
[debug] [2021-04-01T21:50:25.904Z] Web / API server started at http://localhost:4000
 {"metadata":{"emulator":{"name":"ui"},"message":"Web / API server started at http://localhost:4000\n"}}
[info] i  functions: Watching "D:\cargotoship1\functions" for Cloud Functions... {"metadata":{"emulator":{"name":"functions"},"message":"Watching \"D:\\cargotoship1\\functions\" for Cloud Functions..."}}
[debug] [2021-04-01T21:50:26.239Z] [worker-pool] addWorker(~diagnostic~) {"metadata":{"emulator":{"name":"functions"},"message":"[worker-pool] addWorker(~diagnostic~)"}}
[debug] [2021-04-01T21:50:26.240Z] [worker-pool] Adding worker with key ~diagnostic~, total=1 {"metadata":{"emulator":{"name":"functions"},"message":"[worker-pool] Adding worker with key ~diagnostic~, total=1"}}
[debug] [2021-04-01T21:50:26.240Z] [worker-pool] submitWork(triggerId=) {"metadata":{"emulator":{"name":"functions"},"message":"[worker-pool] submitWork(triggerId=)"}}
[debug] [2021-04-01T21:50:26.240Z] [worker-~diagnostic~-48aae785-14a0-4d67-8bb7-bb79f394dc02]: Assigning socketPath: \\?\pipe\D:\cargotoship1\functions\6448 {"metadata":{"emulator":{"name":"functions"},"message":"[worker-~diagnostic~-48aae785-14a0-4d67-8bb7-bb79f394dc02]: Assigning socketPath: \\\\?\\pipe\\D:\\cargotoship1\\functions\\6448"}}
[debug] [2021-04-01T21:50:26.240Z] [worker-~diagnostic~-48aae785-14a0-4d67-8bb7-bb79f394dc02]: BUSY {"metadata":{"emulator":{"name":"functions"},"message":"[worker-~diagnostic~-48aae785-14a0-4d67-8bb7-bb79f394dc02]: BUSY"}}
[debug] [2021-04-01T21:50:26.539Z] [runtime-status] [6448] Functions runtime initialized. {"cwd":"D:\\cargotoship1\\functions","node_version":"10.16.0"} {"metadata":{"emulator":{"name":"functions"},"message":"[runtime-status] [6448] Functions runtime initialized. {\"cwd\":\"D:\\\\cargotoship1\\\\functions\",\"node_version\":\"10.16.0\"}"}}
[debug] [2021-04-01T21:50:26.541Z] [runtime-status] [6448] Disabled runtime features: undefined {"metadata":{"emulator":{"name":"functions"},"message":"[runtime-status] [6448] Disabled runtime features: undefined"}}
[debug] [2021-04-01T21:50:26.651Z] [runtime-status] [6448] Resolved module firebase-admin {"declared":true,"installed":true,"version":"9.5.0","resolution":"D:\\cargotoship1\\functions\\node_modules\\firebase-admin\\lib\\index.js"} {"metadata":{"emulator":{"name":"functions"},"message":"[runtime-status] [6448] Resolved module firebase-admin {\"declared\":true,\"installed\":true,\"version\":\"9.5.0\",\"resolution\":\"D:\\\\cargotoship1\\\\functions\\\\node_modules\\\\firebase-admin\\\\lib\\\\index.js\"}"}}
[debug] [2021-04-01T21:50:26.655Z] [runtime-status] [6448] Resolved module firebase-functions {"declared":true,"installed":true,"version":"3.13.1","resolution":"D:\\cargotoship1\\functions\\node_modules\\firebase-functions\\lib\\index.js"} {"metadata":{"emulator":{"name":"functions"},"message":"[runtime-status] [6448] Resolved module firebase-functions {\"declared\":true,\"installed\":true,\"version\":\"3.13.1\",\"resolution\":\"D:\\\\cargotoship1\\\\functions\\\\node_modules\\\\firebase-functions\\\\lib\\\\index.js\"}"}}
[debug] [2021-04-01T21:50:26.656Z] [runtime-status] [6448] Resolved module firebase-functions {"declared":true,"installed":true,"version":"3.13.1","resolution":"D:\\cargotoship1\\functions\\node_modules\\firebase-functions\\lib\\index.js"} {"metadata":{"emulator":{"name":"functions"},"message":"[runtime-status] [6448] Resolved module firebase-functions {\"declared\":true,\"installed\":true,\"version\":\"3.13.1\",\"resolution\":\"D:\\\\cargotoship1\\\\functions\\\\node_modules\\\\firebase-functions\\\\lib\\\\index.js\"}"}}
[debug] [2021-04-01T21:50:26.661Z] [runtime-status] [6448] Outgoing network have been stubbed. [{"name":"http","status":"mocked"},{"name":"http","status":"mocked"},{"name":"https","status":"mocked"},{"name":"https","status":"mocked"},{"name":"net","status":"mocked"}] {"metadata":{"emulator":{"name":"functions"},"message":"[runtime-status] [6448] Outgoing network have been stubbed. [{\"name\":\"http\",\"status\":\"mocked\"},{\"name\":\"http\",\"status\":\"mocked\"},{\"name\":\"https\",\"status\":\"mocked\"},{\"name\":\"https\",\"status\":\"mocked\"},{\"name\":\"net\",\"status\":\"mocked\"}]"}}
[debug] [2021-04-01T21:50:26.662Z] [runtime-status] [6448] Resolved module firebase-functions {"declared":true,"installed":true,"version":"3.13.1","resolution":"D:\\cargotoship1\\functions\\node_modules\\firebase-functions\\lib\\index.js"} {"metadata":{"emulator":{"name":"functions"},"message":"[runtime-status] [6448] Resolved module firebase-functions {\"declared\":true,\"installed\":true,\"version\":\"3.13.1\",\"resolution\":\"D:\\\\cargotoship1\\\\functions\\\\node_modules\\\\firebase-functions\\\\lib\\\\index.js\"}"}}
[debug] [2021-04-01T21:50:27.129Z] [runtime-status] [6448] Checked functions.config() {"config":{}} {"metadata":{"emulator":{"name":"functions"},"message":"[runtime-status] [6448] Checked functions.config() {\"config\":{}}"}}
[debug] [2021-04-01T21:50:27.129Z] [runtime-status] [6448] firebase-functions has been stubbed. {"functionsResolution":{"declared":true,"installed":true,"version":"3.13.1","resolution":"D:\\cargotoship1\\functions\\node_modules\\firebase-functions\\lib\\index.js"}} {"metadata":{"emulator":{"name":"functions"},"message":"[runtime-status] [6448] firebase-functions has been stubbed. {\"functionsResolution\":{\"declared\":true,\"installed\":true,\"version\":\"3.13.1\",\"resolution\":\"D:\\\\cargotoship1\\\\functions\\\\node_modules\\\\firebase-functions\\\\lib\\\\index.js\"}}"}}
[debug] [2021-04-01T21:50:27.129Z] [runtime-status] [6448] Resolved module firebase-functions {"declared":true,"installed":true,"version":"3.13.1","resolution":"D:\\cargotoship1\\functions\\node_modules\\firebase-functions\\lib\\index.js"} {"metadata":{"emulator":{"name":"functions"},"message":"[runtime-status] [6448] Resolved module firebase-functions {\"declared\":true,\"installed\":true,\"version\":\"3.13.1\",\"resolution\":\"D:\\\\cargotoship1\\\\functions\\\\node_modules\\\\firebase-functions\\\\lib\\\\index.js\"}"}}
[debug] [2021-04-01T21:50:27.130Z] [runtime-status] [6448] Resolved module firebase-admin {"declared":true,"installed":true,"version":"9.5.0","resolution":"D:\\cargotoship1\\functions\\node_modules\\firebase-admin\\lib\\index.js"} {"metadata":{"emulator":{"name":"functions"},"message":"[runtime-status] [6448] Resolved module firebase-admin {\"declared\":true,\"installed\":true,\"version\":\"9.5.0\",\"resolution\":\"D:\\\\cargotoship1\\\\functions\\\\node_modules\\\\firebase-admin\\\\lib\\\\index.js\"}"}}
[debug] [2021-04-01T21:50:27.131Z] [runtime-status] [6448] Resolved module firebase-functions {"declared":true,"installed":true,"version":"3.13.1","resolution":"D:\\cargotoship1\\functions\\node_modules\\firebase-functions\\lib\\index.js"} {"metadata":{"emulator":{"name":"functions"},"message":"[runtime-status] [6448] Resolved module firebase-functions {\"declared\":true,\"installed\":true,\"version\":\"3.13.1\",\"resolution\":\"D:\\\\cargotoship1\\\\functions\\\\node_modules\\\\firebase-functions\\\\lib\\\\index.js\"}"}}
[debug] [2021-04-01T21:50:27.131Z] [runtime-status] [6448] firebase-admin has been stubbed. {"adminResolution":{"declared":true,"installed":true,"version":"9.5.0","resolution":"D:\\cargotoship1\\functions\\node_modules\\firebase-admin\\lib\\index.js"}} {"metadata":{"emulator":{"name":"functions"},"message":"[runtime-status] [6448] firebase-admin has been stubbed. {\"adminResolution\":{\"declared\":true,\"installed\":true,\"version\":\"9.5.0\",\"resolution\":\"D:\\\\cargotoship1\\\\functions\\\\node_modules\\\\firebase-admin\\\\lib\\\\index.js\"}}"}}
[debug] [2021-04-01T21:50:27.135Z] [runtime-status] [6448] initializeApp(DEFAULT) {"storageBucket":"cargotoship2.appspot.com","databaseURL":"http://localhost:9000/?ns=cargotoship2","projectId":"cargotoship2"} {"metadata":{"emulator":{"name":"functions"},"message":"[runtime-status] [6448] initializeApp(DEFAULT) {\"storageBucket\":\"cargotoship2.appspot.com\",\"databaseURL\":\"http://localhost:9000/?ns=cargotoship2\",\"projectId\":\"cargotoship2\"}"}}
[debug] [2021-04-01T21:50:27.326Z] addFirestoreTrigger "{\"eventTrigger\":{\"resource\":\"projects/cargotoship2/databases/(default)/documents/Users/{id}\",\"eventType\":\"providers/cloud.firestore/eventTypes/document.create\",\"service\":\"firestore.googleapis.com\"}}"
[debug] [2021-04-01T21:50:27.327Z] >>> HTTP REQUEST PUT http://localhost:7000/emulator/v1/projects/cargotoship2/triggers/Customer-NewcreateStripeCustomer-0  
 {"eventTrigger":{"resource":"projects/cargotoship2/databases/(default)/documents/Users/{id}","eventType":"providers/cloud.firestore/eventTypes/document.create","service":"firestore.googleapis.com"}}
[debug] [2021-04-01T21:50:27.331Z] [worker-~diagnostic~-48aae785-14a0-4d67-8bb7-bb79f394dc02]: IDLE {"metadata":{"emulator":{"name":"functions"},"message":"[worker-~diagnostic~-48aae785-14a0-4d67-8bb7-bb79f394dc02]: IDLE"}}
[debug] [2021-04-01T21:50:28.032Z] <<< HTTP RESPONSE 200 {"content-type":"application/json","content-length":"4"}
[info] +  functions[Customer-NewcreateStripeCustomer]: firestore function initialized. {"metadata":{"emulator":{"name":"functions"},"message":"\u001b[1mfirestore\u001b[22m function initialized."}}
[debug] [2021-04-01T21:50:28.034Z] addAuthTrigger {"eventTrigger":{"resource":"projects/cargotoship2","eventType":"providers/firebase.auth/eventTypes/user.delete","service":"firebaseauth.googleapis.com"}}
[info] +  functions[Customer-deleteStripeCustomer]: auth function initialized. {"metadata":{"emulator":{"name":"functions"},"message":"\u001b[1mauth\u001b[22m function initialized."}}
[info] +  functions[Session-createcheckout]: http function initialized (http://localhost:5001/cargotoship2/us-central1/Session-createcheckout). {"metadata":{"emulator":{"name":"functions"},"message":"\u001b[1mhttp\u001b[22m function initialized (http://localhost:5001/cargotoship2/us-central1/Session-createcheckout)."}}
[info] +  functions[Cards-GetCards]: http function initialized (http://localhost:5001/cargotoship2/us-central1/Cards-GetCards). {"metadata":{"emulator":{"name":"functions"},"message":"\u001b[1mhttp\u001b[22m function initialized (http://localhost:5001/cargotoship2/us-central1/Cards-GetCards)."}}
[info] +  functions[Cards-DeletCards]: http function initialized (http://localhost:5001/cargotoship2/us-central1/Cards-DeletCards). {"metadata":{"emulator":{"name":"functions"},"message":"\u001b[1mhttp\u001b[22m function initialized (http://localhost:5001/cargotoship2/us-central1/Cards-DeletCards)."}}
[debug] [2021-04-01T21:50:28.037Z] >>> HTTP REQUEST PUT http://localhost:9000/.settings/rules.json?ns=cargotoship2  
 {
  "rules": {
    ".read": true,
    ".write": true
  }
}

[debug] [2021-04-01T21:50:28.417Z] <<< HTTP RESPONSE 200 {"content-length":"15","content-type":"application/json; charset=utf-8","access-control-allow-origin":"*","cache-control":"no-cache","x-firebase-project-id":"cargotoship2","x-firebase-project-number":"123456789","x-firebase-uuid":"279cc8f2-ecb7-466a-a84b-b8f166ba6023"}
[info] 
┌─────────────────────────────────────────────────────────────┐
│ ✔  All emulators ready! It is now safe to connect your app. │
│ i  View Emulator UI at http://localhost:4000                │
└─────────────────────────────────────────────────────────────┘

┌────────────────┬────────────────┬─────────────────────────────────┐
│ Emulator       │ Host:Port      │ View in Emulator UI             │
├────────────────┼────────────────┼─────────────────────────────────┤
│ Authentication │ localhost:9099 │ http://localhost:4000/auth      │
├────────────────┼────────────────┼─────────────────────────────────┤
│ Functions      │ localhost:5001 │ http://localhost:4000/functions │
├────────────────┼────────────────┼─────────────────────────────────┤
│ Firestore      │ localhost:7000 │ http://localhost:4000/firestore │
├────────────────┼────────────────┼─────────────────────────────────┤
│ Database       │ localhost:9000 │ http://localhost:4000/database  │
├────────────────┼────────────────┼─────────────────────────────────┤
│ Hosting        │ localhost:5000 │ n/a                             │
└────────────────┴────────────────┴─────────────────────────────────┘
  Emulator Hub running at localhost:4400
  Other reserved ports: 4500

Issues? Report them at https://github.com/firebase/firebase-tools/issues and attach the *-debug.log files.
 
